Generating image variants require the image_processing gem. Please add `gem 'image_processing', '~> 1.2'` to your Gemfile.
Generating image variants require the image_processing gem. Please add `gem 'image_processing', '~> 1.2'` to your Gemfile.
Generating image variants require the image_processing gem. Please add `gem 'image_processing', '~> 1.2'` to your Gemfile.
Generating image variants require the image_processing gem. Please add `gem 'image_processing', '~> 1.2'` to your Gemfile.
Generating image variants require the image_processing gem. Please add `gem 'image_processing', '~> 1.2'` to your Gemfile.
Generating image variants require the image_processing gem. Please add `gem 'image_processing', '~> 1.2'` to your Gemfile.
Generating image variants require the image_processing gem. Please add `gem 'image_processing', '~> 1.2'` to your Gemfile.
Started GET "/" for 192.168.80.1 at 2025-09-27 07:06:46 +0900
  [1m[35m (9.4ms)[0m  [1m[35mCREATE TABLE "schema_migrations" ("version" character varying NOT NULL PRIMARY KEY) /*application='GraduationDevelopment'*/[0m
  [1m[35m (5.8ms)[0m  [1m[35mCREATE TABLE "ar_internal_metadata" ("key" character varying NOT NULL PRIMARY KEY, "value" character varying, "created_at" timestamp(6) NOT NULL, "updated_at" timestamp(6) NOT NULL) /*application='GraduationDevelopment'*/[0m
  [1m[36mActiveRecord::SchemaMigration Load (0.8ms)[0m  [1m[34mSELECT "schema_migrations"."version" FROM "schema_migrations" ORDER BY "schema_migrations"."version" ASC /*application='GraduationDevelopment'*/[0m
Processing by HomeController#index as HTML
  Rendering layout layouts/application.html.erb
  Rendering home/index.html.erb within layouts/application
  Rendered home/index.html.erb within layouts/application (Duration: 0.4ms | GC: 0.0ms)
  Rendered layout layouts/application.html.erb (Duration: 33.4ms | GC: 0.6ms)
Completed 200 OK in 121ms (Views: 37.0ms | ActiveRecord: 0.0ms (0 queries, 0 cached) | GC: 31.3ms)


Generating image variants require the image_processing gem. Please add `gem 'image_processing', '~> 1.2'` to your Gemfile.
Started GET "/" for 192.168.80.1 at 2025-09-27 23:29:58 +0900
  [1m[36mActiveRecord::SchemaMigration Load (1.1ms)[0m  [1m[34mSELECT "schema_migrations"."version" FROM "schema_migrations" ORDER BY "schema_migrations"."version" ASC /*application='GraduationDevelopment'*/[0m
Processing by HomeController#index as HTML
  Rendering layout layouts/application.html.erb
  Rendering home/index.html.erb within layouts/application
  Rendered home/index.html.erb within layouts/application (Duration: 4.1ms | GC: 3.4ms)
  Rendered layout layouts/application.html.erb (Duration: 41.7ms | GC: 6.5ms)
Completed 200 OK in 99ms (Views: 51.2ms | ActiveRecord: 0.0ms (0 queries, 0 cached) | GC: 32.5ms)


